0 info it worked if it ends with ok
1 verbose cli [ '/usr/bin/nodejs', '/usr/bin/npm', 'start' ]
2 info using npm@4.1.2
3 info using node@v7.5.0
4 verbose run-script [ 'prestart', 'start', 'poststart' ]
5 info lifecycle mytasklist@1.0.0~prestart: mytasklist@1.0.0
6 silly lifecycle mytasklist@1.0.0~prestart: no script for prestart, continuing
7 info lifecycle mytasklist@1.0.0~start: mytasklist@1.0.0
8 verbose lifecycle mytasklist@1.0.0~start: unsafe-perm in lifecycle true
9 verbose lifecycle mytasklist@1.0.0~start: PATH: /usr/lib/node_modules/npm/bin/node-gyp-bin:/home/sahar/WebAnnotator-mongo/git/Web-Annotator/client/node_modules/.bin:/home/sahar/.rbenv/shims:/home/sahar/.rbenv/bin:/home/sahar/.rbenv/plugins/ruby-build/bin:/home/sahar/bin:/home/sahar/.local/bin:/usr/local/sbin:/usr/local/bin:/usr/sbin:/usr/bin:/sbin:/bin:/usr/games:/usr/local/games:/snap/bin:/usr/lib/jvm/java-8-oracle/bin:/usr/lib/jvm/java-8-oracle/db/bin:/usr/lib/jvm/java-8-oracle/jre/bin:/home/sahar/.rvm/bin:/home/sahar/.rvm/bin
10 verbose lifecycle mytasklist@1.0.0~start: CWD: /home/sahar/WebAnnotator-mongo/git/Web-Annotator/client
11 silly lifecycle mytasklist@1.0.0~start: Args: [ '-c', 'tsc && concurrently "tsc -w" "lite-server" ' ]
12 silly lifecycle mytasklist@1.0.0~start: Returned: code: 1  signal: null
13 info lifecycle mytasklist@1.0.0~start: Failed to exec start script
14 verbose stack Error: mytasklist@1.0.0 start: `tsc && concurrently "tsc -w" "lite-server" `
14 verbose stack Exit status 1
14 verbose stack     at EventEmitter.<anonymous> (/usr/lib/node_modules/npm/lib/utils/lifecycle.js:279:16)
14 verbose stack     at emitTwo (events.js:106:13)
14 verbose stack     at EventEmitter.emit (events.js:192:7)
14 verbose stack     at ChildProcess.<anonymous> (/usr/lib/node_modules/npm/lib/utils/spawn.js:40:14)
14 verbose stack     at emitTwo (events.js:106:13)
14 verbose stack     at ChildProcess.emit (events.js:192:7)
14 verbose stack     at maybeClose (internal/child_process.js:890:16)
14 verbose stack     at Process.ChildProcess._handle.onexit (internal/child_process.js:226:5)
15 verbose pkgid mytasklist@1.0.0
16 verbose cwd /home/sahar/WebAnnotator-mongo/git/Web-Annotator/client
17 error Linux 4.4.0-79-generic
18 error argv "/usr/bin/nodejs" "/usr/bin/npm" "start"
19 error node v7.5.0
20 error npm  v4.1.2
21 error code ELIFECYCLE
22 error mytasklist@1.0.0 start: `tsc && concurrently "tsc -w" "lite-server" `
22 error Exit status 1
23 error Failed at the mytasklist@1.0.0 start script 'tsc && concurrently "tsc -w" "lite-server" '.
23 error Make sure you have the latest version of node.js and npm installed.
23 error If you do, this is most likely a problem with the mytasklist package,
23 error not with npm itself.
23 error Tell the author that this fails on your system:
23 error     tsc && concurrently "tsc -w" "lite-server"
23 error You can get information on how to open an issue for this project with:
23 error     npm bugs mytasklist
23 error Or if that isn't available, you can get their info via:
23 error     npm owner ls mytasklist
23 error There is likely additional logging output above.
24 verbose exit [ 1, true ]
