0 info it worked if it ends with ok
1 verbose cli [ '/usr/bin/nodejs', '/usr/bin/npm', 'start' ]
2 info using npm@3.5.2
3 info using node@v4.2.6
4 verbose run-script [ 'prestart', 'start', 'poststart' ]
5 info lifecycle WebAnnotatorDjango@0.1.0~prestart: WebAnnotatorDjango@0.1.0
6 silly lifecycle WebAnnotatorDjango@0.1.0~prestart: no script for prestart, continuing
7 info lifecycle WebAnnotatorDjango@0.1.0~start: WebAnnotatorDjango@0.1.0
8 verbose lifecycle WebAnnotatorDjango@0.1.0~start: unsafe-perm in lifecycle true
9 verbose lifecycle WebAnnotatorDjango@0.1.0~start: PATH: /usr/share/npm/bin/node-gyp-bin:/home/daniel/React/WebAnnotator/node_modules/.bin:/home/daniel/bin:/home/daniel/.local/bin:/usr/local/sbin:/usr/local/bin:/usr/sbin:/usr/bin:/sbin:/bin:/usr/games:/usr/local/games:/snap/bin:/usr/lib/jvm/java-8-oracle/bin:/usr/lib/jvm/java-8-oracle/db/bin:/usr/lib/jvm/java-8-oracle/jre/bin
10 verbose lifecycle WebAnnotatorDjango@0.1.0~start: CWD: /home/daniel/React/WebAnnotator
11 silly lifecycle WebAnnotatorDjango@0.1.0~start: Args: [ '-c', 'react-scripts start' ]
12 info lifecycle WebAnnotatorDjango@0.1.0~start: Failed to exec start script
13 verbose stack Error: WebAnnotatorDjango@0.1.0 start: `react-scripts start`
13 verbose stack spawn ENOENT
13 verbose stack     at ChildProcess.<anonymous> (/usr/share/npm/lib/utils/spawn.js:17:16)
13 verbose stack     at emitTwo (events.js:87:13)
13 verbose stack     at ChildProcess.emit (events.js:172:7)
13 verbose stack     at maybeClose (internal/child_process.js:821:16)
13 verbose stack     at Process.ChildProcess._handle.onexit (internal/child_process.js:211:5)
14 verbose pkgid WebAnnotatorDjango@0.1.0
15 verbose cwd /home/daniel/React/WebAnnotator
16 error Linux 4.4.0-53-generic
17 error argv "/usr/bin/nodejs" "/usr/bin/npm" "start"
18 error node v4.2.6
19 error npm  v3.5.2
20 error file sh
21 error code ELIFECYCLE
22 error errno ENOENT
23 error syscall spawn
24 error WebAnnotatorDjango@0.1.0 start: `react-scripts start`
24 error spawn ENOENT
25 error Failed at the WebAnnotatorDjango@0.1.0 start script 'react-scripts start'.
25 error Make sure you have the latest version of node.js and npm installed.
25 error If you do, this is most likely a problem with the WebAnnotatorDjango package,
25 error not with npm itself.
25 error Tell the author that this fails on your system:
25 error     react-scripts start
25 error You can get information on how to open an issue for this project with:
25 error     npm bugs WebAnnotatorDjango
25 error Or if that isn't available, you can get their info via:
25 error     npm owner ls WebAnnotatorDjango
25 error There is likely additional logging output above.
26 verbose exit [ 1, true ]
